2025/01/30 10:53:34 log.go:39: [INFO] Logging initialized at level 2
2025/01/30 10:53:34 log.go:52: Configuration file kill.config does not exist. Creating...
2025/01/30 10:53:34 log.go:52: Configuration file kill.config initialized successfully.
2025/01/30 10:53:34 log.go:74: [WARNING] Database killdb.sqlite does not exist. Creating...
2025/01/30 10:53:34 log.go:74: [INFO] Database killdb.sqlite initialized successfully.
2025/01/30 10:53:34 log.go:74: [INFO] kill-runner is ready to use.
2025/01/30 10:53:34 log.go:74: [ERROR] Failed to load kubeconfig
2025/01/30 10:53:34 log.go:74: [ERROR] Error connecting to Kubernetes:%!(EXTRA *fs.PathError=stat ~/.kube/config: no such file or directory)
2025/01/30 10:53:34 main.go:64: Error connecting to Kubernetes: stat ~/.kube/config: no such file or directory
2025/01/30 10:54:57 log.go:39: [INFO] Logging initialized at level 2
2025/01/30 10:54:57 log.go:52: Configuration file kill.config exists. Skipping initialization.
2025/01/30 10:54:57 log.go:74: [INFO] Database killdb.sqlite exists. Connection established.
2025/01/30 10:54:57 log.go:74: [INFO] kill-runner is ready to use.
2025/01/30 10:54:57 log.go:74: [ERROR] Failed to load kubeconfig
2025/01/30 10:54:57 log.go:74: [ERROR] Error connecting to Kubernetes:%!(EXTRA *fs.PathError=stat ~/.kube/config: no such file or directory)
2025/01/30 10:54:57 main.go:64: Error connecting to Kubernetes: stat ~/.kube/config: no such file or directory
2025/01/30 10:55:24 log.go:39: [INFO] Logging initialized at level 2
2025/01/30 10:55:24 log.go:52: Configuration file kill.config exists. Skipping initialization.
2025/01/30 10:55:24 log.go:74: [INFO] Database killdb.sqlite exists. Connection established.
2025/01/30 10:55:24 log.go:74: [INFO] kill-runner is ready to use.
2025/01/30 10:55:24 log.go:74: [INFO] Successfully connected to Kubernetes using /Users/akalaj/.kube/config.
2025/01/30 10:58:11 log.go:39: [INFO] Logging initialized at level 2
2025/01/30 10:58:11 log.go:52: Configuration file kill.config exists. Skipping initialization.
2025/01/30 10:58:11 log.go:74: [INFO] Database killdb.sqlite exists. Connection established.
2025/01/30 10:58:11 log.go:74: [INFO] kill-runner is ready to use.
2025/01/30 10:58:11 log.go:74: [INFO] Successfully connected! Found 3 node(s).
2025/01/30 10:58:11 log.go:74: [INFO] Successfully connected to Kubernetes using /Users/akalaj/.kube/config.
